<?xml version="1.0" encoding="UTF-8"?>
<!-- Generated by org.testng.reporters.JUnitReportReporter -->
<testsuite hostname="Adi_laptop" failures="0" tests="2" name="TestNgDemo2" time="16.685" errors="0" timestamp="2024-08-26T23:16:52 IST" skipped="0">
  <testcase classname="TestNgDemo2" name="amazon" time="7.658"/>
  <system-out/>
  <testcase classname="TestNgDemo2" name="Flipkart" time="9.027"/>
  <system-out/>
</testsuite> <!-- TestNgDemo2 -->
