<?xml version="1.0" encoding="UTF-8"?>
<!-- Generated by org.testng.reporters.JUnitReportReporter -->
<testsuite hostname="Adi_laptop" failures="0" tests="4" name="DataProviderDemo" time="23.388" errors="0" timestamp="2024-09-18T11:35:35 IST" skipped="0">
  <testcase classname="DataProviderDemo" name="Flipkart" time="1.661"/>
  <system-out/>
  <testcase classname="DataProviderDemo" name="Flipkart" time="8.792"/>
  <system-out/>
  <testcase classname="DataProviderDemo" name="Flipkart" time="9.793"/>
  <system-out/>
  <testcase classname="DataProviderDemo" name="Flipkart" time="3.142"/>
  <system-out/>
</testsuite> <!-- DataProviderDemo -->
