<?xml version="1.0" encoding="UTF-8"?>
<!-- Generated by org.testng.reporters.JUnitReportReporter -->
<testsuite hostname="Adi_laptop" failures="0" tests="4" name="TestNgDemo" time="24.192" errors="0" timestamp="2024-08-27T09:14:13 IST" skipped="0">
  <testcase classname="TestNgDemo" name="facebook" time="7.262"/>
  <system-out/>
  <testcase classname="TestNgDemo" name="Flipkart" time="5.462"/>
  <system-out/>
  <testcase classname="TestNgDemo" name="Google" time="4.483"/>
  <system-out/>
  <testcase classname="TestNgDemo" name="amazon" time="6.985"/>
  <system-out/>
</testsuite> <!-- TestNgDemo -->
